0 info it worked if it ends with ok
1 verbose cli [ '/home/mike/.nvm/v0.10.28/bin/node',
1 verbose cli   '/home/mike/.nvm/v0.10.28/bin/npm',
1 verbose cli   'run-script',
1 verbose cli   'tdd' ]
2 info using npm@1.4.9
3 info using node@v0.10.28
4 error Error: ENOENT, open '/home/mike/workspace/Online-Backend/Testhandler/fixtures/somedir1/package.json'
5 error If you need help, you may report this *entire* log,
5 error including the npm and node versions, at:
5 error     <http://github.com/npm/npm/issues>
6 error System Linux 3.13.0-36-generic
7 error command "/home/mike/.nvm/v0.10.28/bin/node" "/home/mike/.nvm/v0.10.28/bin/npm" "run-script" "tdd"
8 error cwd /home/mike/workspace/Online-Backend/Testhandler/fixtures/somedir1
9 error node -v v0.10.28
10 error npm -v 1.4.9
11 error path /home/mike/workspace/Online-Backend/Testhandler/fixtures/somedir1/package.json
12 error code ENOENT
13 error errno 34
14 verbose exit [ 34, true ]
